android/app/build/intermediates/manifest_merge_blame_file/release/manifest-merger-blame-release-report.txt
1<?xml version="1.0" encoding="utf-8"?>
2<manifest xmlns:android="http://schemas.android.com/apk/res/android"
3    package="com.rntemplate"
4    android:versionCode="1"
5    android:versionName="1.0" >
6
7    <uses-sdk
8        android:minSdkVersion="21"
8-->src\main\AndroidManifest.xml
9        android:targetSdkVersion="31" />
9-->src\main\AndroidManifest.xml
10
11    <uses-permission android:name="android.permission.INTERNET" />
11-->src\main\AndroidManifest.xml:4:5-67
11-->src\main\AndroidManifest.xml:4:22-64
12    <uses-permission android:name="android.permission.WRITE_EXTERNAL_STORAGE" />
12-->src\main\AndroidManifest.xml:5:5-80
12-->src\main\AndroidManifest.xml:5:22-78
13    <uses-permission android:name="android.permission.READ_EXTERNAL_STORAGE" />
13-->src\main\AndroidManifest.xml:6:5-79
13-->src\main\AndroidManifest.xml:6:22-77
14    <uses-permission android:name="android.permission.CAMERA" />
14-->src\main\AndroidManifest.xml:7:5-64
14-->src\main\AndroidManifest.xml:7:22-62
15    <uses-permission android:name="android.permission.WAKE_LOCK" />
15-->[:react-native-background-timer] AndroidManifest.xml:9:5-68
15-->[:react-native-background-timer] AndroidManifest.xml:9:22-65
16
17    <application
17-->src\main\AndroidManifest.xml:9:5-29:19
18        android:name="com.rntemplate.MainApplication"
18-->src\main\AndroidManifest.xml:10:7-38
19        android:allowBackup="false"
19-->src\main\AndroidManifest.xml:14:7-34
20        android:appComponentFactory="androidx.core.app.CoreComponentFactory"
20-->[androidx.core:core:1.7.0] AndroidManifest.xml:24:18-86
21        android:icon="@mipmap/ic_launcher"
21-->src\main\AndroidManifest.xml:12:7-41
22        android:label="@string/app_name"
22-->src\main\AndroidManifest.xml:11:7-39
23        android:requestLegacyExternalStorage="true"
23-->src\main\AndroidManifest.xml:15:7-50
24        android:roundIcon="@mipmap/ic_launcher_round"
24-->src\main\AndroidManifest.xml:13:7-52
25        android:theme="@style/AppTheme" >
25-->src\main\AndroidManifest.xml:16:7-38
26        <activity
26-->src\main\AndroidManifest.xml:17:7-28:18
27            android:name="com.rntemplate.MainActivity"
27-->src\main\AndroidManifest.xml:18:9-37
28            android:configChanges="keyboard|keyboardHidden|orientation|screenLayout|screenSize|smallestScreenSize|uiMode"
28-->src\main\AndroidManifest.xml:20:9-118
29            android:exported="true"
29-->src\main\AndroidManifest.xml:23:9-32
30            android:label="@string/app_name"
30-->src\main\AndroidManifest.xml:19:9-41
31            android:launchMode="singleTask"
31-->src\main\AndroidManifest.xml:21:9-40
32            android:windowSoftInputMode="adjustPan" >
32-->src\main\AndroidManifest.xml:22:9-48
33            <intent-filter>
33-->src\main\AndroidManifest.xml:24:9-27:25
34                <action android:name="android.intent.action.MAIN" />
34-->src\main\AndroidManifest.xml:25:13-65
34-->src\main\AndroidManifest.xml:25:21-62
35
36                <category android:name="android.intent.category.LAUNCHER" />
36-->src\main\AndroidManifest.xml:26:13-73
36-->src\main\AndroidManifest.xml:26:23-70
37            </intent-filter>
38        </activity>
39
40        <provider
40-->[:react-native-image-picker] AndroidManifest.xml:10:9-18:20
41            android:name="com.imagepicker.ImagePickerProvider"
41-->[:react-native-image-picker] AndroidManifest.xml:11:13-63
42            android:authorities="com.rntemplate.imagepickerprovider"
42-->[:react-native-image-picker] AndroidManifest.xml:12:13-71
43            android:exported="false"
43-->[:react-native-image-picker] AndroidManifest.xml:13:13-37
44            android:grantUriPermissions="true" >
44-->[:react-native-image-picker] AndroidManifest.xml:14:13-47
45            <meta-data
45-->[:react-native-image-picker] AndroidManifest.xml:15:13-17:70
46                android:name="android.support.FILE_PROVIDER_PATHS"
46-->[:react-native-image-picker] AndroidManifest.xml:16:17-67
47                android:resource="@xml/imagepicker_provider_paths" />
47-->[:react-native-image-picker] AndroidManifest.xml:17:17-67
48        </provider>
49        <provider
49-->[androidx.emoji2:emoji2:1.0.0] AndroidManifest.xml:26:9-34:20
50            android:name="androidx.startup.InitializationProvider"
50-->[androidx.emoji2:emoji2:1.0.0] AndroidManifest.xml:27:13-67
51            android:authorities="com.rntemplate.androidx-startup"
51-->[androidx.emoji2:emoji2:1.0.0] AndroidManifest.xml:28:13-68
52            android:exported="false" >
52-->[androidx.emoji2:emoji2:1.0.0] AndroidManifest.xml:29:13-37
53            <meta-data
53-->[androidx.emoji2:emoji2:1.0.0] AndroidManifest.xml:31:13-33:52
54                android:name="androidx.emoji2.text.EmojiCompatInitializer"
54-->[androidx.emoji2:emoji2:1.0.0] AndroidManifest.xml:32:17-75
55                android:value="androidx.startup" />
55-->[androidx.emoji2:emoji2:1.0.0] AndroidManifest.xml:33:17-49
56            <meta-data
56-->[androidx.lifecycle:lifecycle-process:2.4.0] AndroidManifest.xml:31:13-33:52
57                android:name="androidx.lifecycle.ProcessLifecycleInitializer"
57-->[androidx.lifecycle:lifecycle-process:2.4.0] AndroidManifest.xml:32:17-78
58                android:value="androidx.startup" />
58-->[androidx.lifecycle:lifecycle-process:2.4.0] AndroidManifest.xml:33:17-49
59        </provider>
60    </application>
61
62</manifest>